<?xml version="1.0" encoding="UTF-8"?>
<!-- Generated by org.testng.reporters.JUnitReportReporter -->
<testsuite hostname="GURM39446" failures="0" tests="1" name="com.automation.framework.GoogleTest" time="0.007" errors="0" timestamp="02 Dec 2017 17:04:49 GMT" skipped="0">
  <testcase classname="com.automation.framework.GoogleTest" name="clickSerchButton" time="0.007"/>
</testsuite> <!-- com.automation.framework.GoogleTest -->
